<?xml version='1.0' encoding='UTF-8'?>
<testsuite hostname="jaimie-THINK" name="bowling.BowlingGameSuite" tests="6" errors="0" failures="0" skipped="0" time="0.031">
                     <properties>
[...]
</properties>
                     <testcase classname="bowling.BowlingGameSuite" name="No Bonus Test" time="0.031">
                                                 
                                               </testcase><testcase classname="bowling.BowlingGameSuite" name="Strike Bonus Test" time="0.0">
                                                 
                                               </testcase><testcase classname="bowling.BowlingGameSuite" name="Spare Bonus Test" time="0.0">
                                                 
                                               </testcase><testcase classname="bowling.BowlingGameSuite" name="Normal Game Test including 10th Frame Bonus" time="0.0">
                                                 
                                               </testcase><testcase classname="bowling.BowlingGameSuite" name="Invalid Pins Test" time="0.0">
                                                 
                                               </testcase><testcase classname="bowling.BowlingGameSuite" name="Invalid Frames Test" time="0.0">
                                                 
                                               </testcase>
                     <system-out><![CDATA[]]></system-out>
                     <system-err><![CDATA[]]></system-err>
                   </testsuite>